2019-03-06 20:15:32,118-BaseCase-INFO-长按
2019-03-06 20:15:34,175-BaseCase-ERROR-没有点击
2019-03-06 20:15:37,499-BaseCase-INFO-点击
2019-03-06 20:15:38,623-BaseCase-INFO-点击
2019-03-06 20:15:44,359-BaseCase-INFO-滑动成功
2019-03-06 20:16:34,783-BaseCase-ERROR-没有点击
2019-03-06 20:17:10,430-BaseCase-INFO-点击
2019-03-06 20:17:19,773-BaseCase-INFO-输入内容JacksonYee
2019-03-06 20:17:21,149-BaseCase-INFO-点击
2019-03-06 20:17:24,795-BaseCase-INFO-点击
2019-03-06 20:17:26,794-BaseCase-INFO-点击
2019-03-06 20:17:35,239-BaseCase-INFO-输入内容RoyWang
2019-03-06 20:17:36,907-BaseCase-INFO-点击
2019-03-06 20:18:14,356-BaseCase-INFO-长按
2019-03-06 20:18:16,548-BaseCase-INFO-点击
2019-03-06 20:18:18,896-BaseCase-INFO-点击
2019-03-06 20:18:21,166-BaseCase-INFO-点击
2019-03-06 20:18:23,350-BaseCase-INFO-点击
2019-03-06 20:18:25,043-BaseCase-INFO-点击
2019-03-06 20:19:00,083-BaseCase-INFO-点击
2019-03-06 20:19:01,855-BaseCase-INFO-点击
2019-03-06 20:19:51,223-BaseCase-INFO-点击
2019-03-06 20:19:52,036-BaseCase-INFO-点击
2019-03-06 20:20:42,419-BaseCase-ERROR-没有点击
2019-03-06 20:20:50,206-BaseCase-INFO-输入内容rmj
2019-03-06 20:20:53,987-BaseCase-INFO-点击
2019-03-06 20:21:28,057-BaseCase-INFO-点击
2019-03-06 20:22:18,137-BaseCase-ERROR-没有点击
2019-03-06 20:23:08,192-BaseCase-ERROR-没有点击
2019-03-06 20:23:22,768-BaseCase-INFO-输入内容cshlj
2019-03-06 20:24:52,359-BaseCase-INFO-点击
2019-03-06 20:25:02,530-BaseCase-INFO-输入内容TFBOYS
2019-03-06 20:25:44,699-BaseCase-INFO-长按
2019-03-06 20:25:48,321-BaseCase-INFO-点击
2019-03-06 20:25:52,492-BaseCase-INFO-滑动成功
2019-03-06 20:25:53,148-BaseCase-INFO-点击
